<?xml version="1.0" encoding="UTF-8" ?>
<testsuites>
 <testsuite name="End to End test for log in functionality of the front-end of the webapp" timestamp="2016-03-23T17:06:44" hostname="localhost" time="8.302" errors="0" tests="1" skipped="0" disabled="0" failures="0">
  <testcase classname="End to End test for log in functionality of the front-end of the webapp" name="logs in as my test user and validates current location" time="8.3" />
 </testsuite>
 <testsuite name="End to End test for register of the front-end of the webapp" timestamp="2016-03-23T17:06:53" hostname="localhost" time="1.551" errors="0" tests="1" skipped="0" disabled="0" failures="0">
  <testcase classname="End to End test for register of the front-end of the webapp" name="registers a new user and validates registration message" time="1.551" />
 </testsuite>
 <testsuite name="End to End test for other functionalitis of the front-end of the webapp" timestamp="2016-03-23T17:06:54" hostname="localhost" time="18.242" errors="0" tests="8" skipped="0" disabled="0" failures="0">
  <testcase classname="End to End test for other functionalitis of the front-end of the webapp" name="creates a new post and validates the post appears in the feed" time="2.621" />
  <testcase classname="End to End test for other functionalitis of the front-end of the webapp" name="updates the status headline and verifies the change" time="1.967" />
  <testcase classname="End to End test for other functionalitis of the front-end of the webapp" name="adds one followed user and then removes this following" time="3.484" />
  <testcase classname="End to End test for other functionalitis of the front-end of the webapp" name="searched for &quot;Only One Post Like This&quot; and verify only one post shows and verify the author" time="1.681" />
  <testcase classname="End to End test for other functionalitis of the front-end of the webapp" name="navigates to the profile view and verifies the page is loaded" time="2.033" />
  <testcase classname="End to End test for other functionalitis of the front-end of the webapp" name="Update the user&apos;s email" time="2.194" />
  <testcase classname="End to End test for other functionalitis of the front-end of the webapp" name="Update the user&apos;s zipcode" time="2.094" />
  <testcase classname="End to End test for other functionalitis of the front-end of the webapp" name="Update the user&apos;s password" time="2.168" />
 </testsuite>
</testsuites>